db1 | SUCCESS => {
    "ansible_facts": {
        "ansible_all_ipv4_addresses": [
            "172.16.244.199"
        ], 
        "ansible_all_ipv6_addresses": [
            "fe80::adae:88ed:ee3b:e874"
        ], 
        "ansible_apparmor": {
            "status": "disabled"
        }, 
        "ansible_architecture": "x86_64", 
        "ansible_bios_date": "04/13/2018", 
        "ansible_bios_version": "6.00", 
        "ansible_cmdline": {
            "BOOT_IMAGE": "/vmlinuz-3.10.0-1127.8.2.el7.x86_64", 
            "LANG": "en_US.UTF-8", 
            "crashkernel": "auto", 
            "quiet": true, 
            "rd.lvm.lv": "centos/swap", 
            "rhgb": true, 
            "ro": true, 
            "root": "/dev/mapper/centos-root", 
            "spectre_v2": "retpoline"
        }, 
        "ansible_date_time": {
            "date": "2026-01-15", 
            "day": "15", 
            "epoch": "1592225896", 
            "hour": "20", 
            "iso8601": "2026-01-15T12:58:16Z", 
            "iso8601_basic": "20260115T205816372735", 
            "iso8601_basic_short": "20260115T205816", 
            "iso8601_micro": "2026-01-15T12:58:16.372838Z", 
            "minute": "58", 
            "month": "06", 
            "second": "16", 
            "time": "20:58:16", 
            "tz": "CST", 
            "tz_offset": "+0800", 
            "weekday": "星期一", 
            "weekday_number": "1", 
            "weeknumber": "24", 
            "year": "2026"
        }, 
        "ansible_default_ipv4": {
            "address": "172.16.244.199", 
            "alias": "ens33", 
            "broadcast": "172.16.244.255", 
            "gateway": "172.16.244.2", 
            "interface": "ens33", 
            "macaddress": "00:50:56:26:93:b3", 
            "mtu": 1500, 
            "netmask": "255.255.255.0", 
            "network": "172.16.244.0", 
            "type": "ether"
        }, 
        "ansible_default_ipv6": {}, 
        "ansible_device_links": {
            "ids": {
                "dm-0": [
                    "dm-name-centos-root", 
                    "dm-uuid-LVM-pYRFKHhMvO0z55fTM21aAgGdAcknklmHVauXXMEa2HqmkC7f7mxVaEAWr6dTAgjP"
                ], 
                "dm-1": [
                    "dm-name-centos-swap", 
                    "dm-uuid-LVM-pYRFKHhMvO0z55fTM21aAgGdAcknklmHePhWfToGRqFsw0kWXR7c7LoTeVWqL3iY"
                ], 
                "sda2": [
                    "lvm-pv-uuid-6agMHr-Xd5Q-pzM8-RNGR-w08E-YMGc-s63et0"
                ], 
                "sr0": [
                    "ata-VMware_Virtual_IDE_CDROM_Drive_10000000000000000001"
                ]
            }, 
            "labels": {}, 
            "masters": {
                "sda2": [
                    "dm-0", 
                    "dm-1"
                ]
            }, 
            "uuids": {
                "dm-0": [
                    "d0136689-e0fb-449d-89e4-a2d3e7c20379"
                ], 
                "dm-1": [
                    "29deb021-e0f5-42e4-aae0-6afde9a62ee2"
                ], 
                "sda1": [
                    "d6cc2b14-a27a-4fe4-82ae-d6291511f439"
                ]
            }
        }, 
        "ansible_devices": {
            "dm-0": {
                "holders": [], 
                "host": "", 
                "links": {
                    "ids": [
                        "dm-name-centos-root", 
                        "dm-uuid-LVM-pYRFKHhMvO0z55fTM21aAgGdAcknklmHVauXXMEa2HqmkC7f7mxVaEAWr6dTAgjP"
                    ], 
                    "labels": [], 
                    "masters": [], 
                    "uuids": [
                        "d0136689-e0fb-449d-89e4-a2d3e7c20379"
                    ]
                }, 
                "model": null, 
                "partitions": {}, 
                "removable": "0", 
                "rotational": "1", 
                "sas_address": null, 
                "sas_device_handle": null, 
                "scheduler_mode": "", 
                "sectors": "35643392", 
                "sectorsize": "512", 
                "size": "17.00 GB", 
                "support_discard": "0", 
                "vendor": null, 
                "virtual": 1
            }, 
            "dm-1": {
                "holders": [], 
                "host": "", 
                "links": {
                    "ids": [
                        "dm-name-centos-swap", 
                        "dm-uuid-LVM-pYRFKHhMvO0z55fTM21aAgGdAcknklmHePhWfToGRqFsw0kWXR7c7LoTeVWqL3iY"
                    ], 
                    "labels": [], 
                    "masters": [], 
                    "uuids": [
                        "29deb021-e0f5-42e4-aae0-6afde9a62ee2"
                    ]
                }, 
                "model": null, 
                "partitions": {}, 
                "removable": "0", 
                "rotational": "1", 
                "sas_address": null, 
                "sas_device_handle": null, 
                "scheduler_mode": "", 
                "sectors": "4194304", 
                "sectorsize": "512", 
                "size": "2.00 GB", 
                "support_discard": "0", 
                "vendor": null, 
                "virtual": 1
            }, 
            "sda": {
                "holders": [], 
                "host": "SCSI storage controller: Broadcom / LSI 53c1030 PCI-X Fusion-MPT Dual Ultra320 SCSI (rev 01)", 
                "links": {
                    "ids": [], 
                    "labels": [], 
                    "masters": [], 
                    "uuids": []
                }, 
                "model": "VMware Virtual S", 
                "partitions": {
                    "sda1": {
                        "holders": [], 
                        "links": {
                            "ids": [], 
                            "labels": [], 
                            "masters": [], 
                            "uuids": [
                                "d6cc2b14-a27a-4fe4-82ae-d6291511f439"
                            ]
                        }, 
                        "sectors": "2097152", 
                        "sectorsize": 512, 
                        "size": "1.00 GB", 
                        "start": "2048", 
                        "uuid": "d6cc2b14-a27a-4fe4-82ae-d6291511f439"
                    }, 
                    "sda2": {
                        "holders": [
                            "centos-root", 
                            "centos-swap"
                        ], 
                        "links": {
                            "ids": [
                                "lvm-pv-uuid-6agMHr-Xd5Q-pzM8-RNGR-w08E-YMGc-s63et0"
                            ], 
                            "labels": [], 
                            "masters": [
                                "dm-0", 
                                "dm-1"
                            ], 
                            "uuids": []
                        }, 
                        "sectors": "39843840", 
                        "sectorsize": 512, 
                        "size": "19.00 GB", 
                        "start": "2099200", 
                        "uuid": null
                    }
                }, 
                "removable": "0", 
                "rotational": "1", 
                "sas_address": null, 
                "sas_device_handle": null, 
                "scheduler_mode": "deadline", 
                "sectors": "41943040", 
                "sectorsize": "512", 
                "size": "20.00 GB", 
                "support_discard": "0", 
                "vendor": "VMware,", 
                "virtual": 1
            }, 
            "sr0": {
                "holders": [], 
                "host": "IDE interface: Intel Corporation 82371AB/EB/MB PIIX4 IDE (rev 01)", 
                "links": {
                    "ids": [
                        "ata-VMware_Virtual_IDE_CDROM_Drive_10000000000000000001"
                    ], 
                    "labels": [], 
                    "masters": [], 
                    "uuids": []
                }, 
                "model": "VMware IDE CDR10", 
                "partitions": {}, 
                "removable": "1", 
                "rotational": "1", 
                "sas_address": null, 
                "sas_device_handle": null, 
                "scheduler_mode": "deadline", 
                "sectors": "2097151", 
                "sectorsize": "512", 
                "size": "1024.00 MB", 
                "support_discard": "0", 
                "vendor": "NECVMWar", 
                "virtual": 1
            }
        }, 
        "ansible_distribution": "CentOS", 
        "ansible_distribution_file_parsed": true, 
        "ansible_distribution_file_path": "/etc/redhat-release", 
        "ansible_distribution_file_variety": "RedHat", 
        "ansible_distribution_major_version": "7", 
        "ansible_distribution_release": "Core", 
        "ansible_distribution_version": "7.8", 
        "ansible_dns": {
            "nameservers": [
                "172.16.244.2", 
                "8.8.8.8"
            ]
        }, 
        "ansible_domain": "", 
        "ansible_effective_group_id": 0, 
        "ansible_effective_user_id": 0, 
        "ansible_ens33": {
            "active": true, 
            "device": "ens33", 
            "features": {
                "busy_poll": "off [fixed]", 
                "fcoe_mtu": "off [fixed]", 
                "generic_receive_offload": "on", 
                "generic_segmentation_offload": "on", 
                "highdma": "off [fixed]", 
                "hw_tc_offload": "off [fixed]", 
                "l2_fwd_offload": "off [fixed]", 
                "large_receive_offload": "off [fixed]", 
                "loopback": "off [fixed]", 
                "netns_local": "off [fixed]", 
                "ntuple_filters": "off [fixed]", 
                "receive_hashing": "off [fixed]", 
                "rx_all": "off", 
                "rx_checksumming": "off", 
                "rx_fcs": "off", 
                "rx_gro_hw": "off [fixed]", 
                "rx_udp_tunnel_port_offload": "off [fixed]", 
                "rx_vlan_filter": "on [fixed]", 
                "rx_vlan_offload": "on", 
                "rx_vlan_stag_filter": "off [fixed]", 
                "rx_vlan_stag_hw_parse": "off [fixed]", 
                "scatter_gather": "on", 
                "tcp_segmentation_offload": "on", 
                "tx_checksum_fcoe_crc": "off [fixed]", 
                "tx_checksum_ip_generic": "on", 
                "tx_checksum_ipv4": "off [fixed]", 
                "tx_checksum_ipv6": "off [fixed]", 
                "tx_checksum_sctp": "off [fixed]", 
                "tx_checksumming": "on", 
                "tx_fcoe_segmentation": "off [fixed]", 
                "tx_gre_csum_segmentation": "off [fixed]", 
                "tx_gre_segmentation": "off [fixed]", 
                "tx_gso_partial": "off [fixed]", 
                "tx_gso_robust": "off [fixed]", 
                "tx_ipip_segmentation": "off [fixed]", 
                "tx_lockless": "off [fixed]", 
                "tx_nocache_copy": "off", 
                "tx_scatter_gather": "on", 
                "tx_scatter_gather_fraglist": "off [fixed]", 
                "tx_sctp_segmentation": "off [fixed]", 
                "tx_sit_segmentation": "off [fixed]", 
                "tx_tcp6_segmentation": "off [fixed]", 
                "tx_tcp_ecn_segmentation": "off [fixed]", 
                "tx_tcp_mangleid_segmentation": "off", 
                "tx_tcp_segmentation": "on", 
                "tx_udp_tnl_csum_segmentation": "off [fixed]", 
                "tx_udp_tnl_segmentation": "off [fixed]", 
                "tx_vlan_offload": "on [fixed]", 
                "tx_vlan_stag_hw_insert": "off [fixed]", 
                "udp_fragmentation_offload": "off [fixed]", 
                "vlan_challenged": "off [fixed]"
            }, 
            "hw_timestamp_filters": [], 
            "ipv4": {
                "address": "172.16.244.199", 
                "broadcast": "172.16.244.255", 
                "netmask": "255.255.255.0", 
                "network": "172.16.244.0"
            }, 
            "ipv6": [
                {
                    "address": "fe80::adae:88ed:ee3b:e874", 
                    "prefix": "64", 
                    "scope": "link"
                }
            ], 
            "macaddress": "00:50:56:26:93:b3", 
            "module": "e1000", 
            "mtu": 1500, 
            "pciid": "0000:02:01.0", 
            "promisc": false, 
            "speed": 1000, 
            "timestamping": [
                "tx_software", 
                "rx_software", 
                "software"
            ], 
            "type": "ether"
        }, 
        "ansible_env": {
            "HADOOP_COMMON_HOME": "/bdapps/hadoop", 
            "HADOOP_HDFS_HOME": "/bdapps/hadoop", 
            "HADOOP_MAPPEERD_HOME": "/bdapps/hadoop", 
            "HADOOP_PREFIX": "/bdapps/hadoop", 
            "HADOOP_YARN_HOME": "/bdapps/hadoop", 
            "HOME": "/root", 
            "JAVA_HOME": "/usr/lib/jvm/java-1.7.0-openjdk-1.7.0.261-2.6.22.2.el7_8.x86_64", 
            "LANG": "C", 
            "LC_ALL": "C", 
            "LC_NUMERIC": "C", 
            "LESSOPEN": "||/usr/bin/lesspipe.sh %s", 
            "LOGNAME": "root", 
            "LS_COLORS": "rs=0:di=38;5;27:ln=38;5;51:mh=44;38;5;15:pi=40;38;5;11:so=38;5;13:do=38;5;5:bd=48;5;232;38;5;11:cd=48;5;232;38;5;3:or=48;5;232;38;5;9:mi=05;48;5;232;38;5;15:su=48;5;196;38;5;15:sg=48;5;11;38;5;16:ca=48;5;196;38;5;226:tw=48;5;10;38;5;16:ow=48;5;10;38;5;21:st=48;5;21;38;5;15:ex=38;5;34:*.tar=38;5;9:*.tgz=38;5;9:*.arc=38;5;9:*.arj=38;5;9:*.taz=38;5;9:*.lha=38;5;9:*.lz4=38;5;9:*.lzh=38;5;9:*.lzma=38;5;9:*.tlz=38;5;9:*.txz=38;5;9:*.tzo=38;5;9:*.t7z=38;5;9:*.zip=38;5;9:*.z=38;5;9:*.Z=38;5;9:*.dz=38;5;9:*.gz=38;5;9:*.lrz=38;5;9:*.lz=38;5;9:*.lzo=38;5;9:*.xz=38;5;9:*.bz2=38;5;9:*.bz=38;5;9:*.tbz=38;5;9:*.tbz2=38;5;9:*.tz=38;5;9:*.deb=38;5;9:*.rpm=38;5;9:*.jar=38;5;9:*.war=38;5;9:*.ear=38;5;9:*.sar=38;5;9:*.rar=38;5;9:*.alz=38;5;9:*.ace=38;5;9:*.zoo=38;5;9:*.cpio=38;5;9:*.7z=38;5;9:*.rz=38;5;9:*.cab=38;5;9:*.jpg=38;5;13:*.jpeg=38;5;13:*.gif=38;5;13:*.bmp=38;5;13:*.pbm=38;5;13:*.pgm=38;5;13:*.ppm=38;5;13:*.tga=38;5;13:*.xbm=38;5;13:*.xpm=38;5;13:*.tif=38;5;13:*.tiff=38;5;13:*.png=38;5;13:*.svg=38;5;13:*.svgz=38;5;13:*.mng=38;5;13:*.pcx=38;5;13:*.mov=38;5;13:*.mpg=38;5;13:*.mpeg=38;5;13:*.m2v=38;5;13:*.mkv=38;5;13:*.webm=38;5;13:*.ogm=38;5;13:*.mp4=38;5;13:*.m4v=38;5;13:*.mp4v=38;5;13:*.vob=38;5;13:*.qt=38;5;13:*.nuv=38;5;13:*.wmv=38;5;13:*.asf=38;5;13:*.rm=38;5;13:*.rmvb=38;5;13:*.flc=38;5;13:*.avi=38;5;13:*.fli=38;5;13:*.flv=38;5;13:*.gl=38;5;13:*.dl=38;5;13:*.xcf=38;5;13:*.xwd=38;5;13:*.yuv=38;5;13:*.cgm=38;5;13:*.emf=38;5;13:*.axv=38;5;13:*.anx=38;5;13:*.ogv=38;5;13:*.ogx=38;5;13:*.aac=38;5;45:*.au=38;5;45:*.flac=38;5;45:*.mid=38;5;45:*.midi=38;5;45:*.mka=38;5;45:*.mp3=38;5;45:*.mpc=38;5;45:*.ogg=38;5;45:*.ra=38;5;45:*.wav=38;5;45:*.axa=38;5;45:*.oga=38;5;45:*.spx=38;5;45:*.xspf=38;5;45:", 
            "MAIL": "/var/mail/root", 
            "PATH": "/usr/local/sbin:/usr/local/bin:/usr/sbin:/usr/bin:/bdapps/hadoop/bin:/bdapps/hadoop/sbin", 
            "PWD": "/root", 
            "SELINUX_LEVEL_REQUESTED": "", 
            "SELINUX_ROLE_REQUESTED": "", 
            "SELINUX_USE_CURRENT_RANGE": "", 
            "SHELL": "/bin/bash", 
            "SHLVL": "2", 
            "SSH_CLIENT": "172.16.244.150 53832 22", 
            "SSH_CONNECTION": "172.16.244.150 53832 172.16.244.199 22", 
            "SSH_TTY": "/dev/pts/1", 
            "TERM": "xterm-256color", 
            "USER": "root", 
            "XDG_RUNTIME_DIR": "/run/user/0", 
            "XDG_SESSION_ID": "84", 
            "_": "/usr/bin/python"
        }, 
        "ansible_fibre_channel_wwn": [], 
        "ansible_fips": false, 
        "ansible_form_factor": "Other", 
        "ansible_fqdn": "db1", 
        "ansible_hostname": "db1", 
        "ansible_hostnqn": "", 
        "ansible_interfaces": [
            "lo", 
            "ens33"
        ], 
        "ansible_is_chroot": false, 
        "ansible_iscsi_iqn": "", 
        "ansible_kernel": "3.10.0-1127.8.2.el7.x86_64", 
        "ansible_kernel_version": "#1 SMP Tue May 12 16:57:42 UTC 2026", 
        "ansible_lo": {
            "active": true, 
            "device": "lo", 
            "features": {
                "busy_poll": "off [fixed]", 
                "fcoe_mtu": "off [fixed]", 
                "generic_receive_offload": "on", 
                "generic_segmentation_offload": "on", 
                "highdma": "on [fixed]", 
                "hw_tc_offload": "off [fixed]", 
                "l2_fwd_offload": "off [fixed]", 
                "large_receive_offload": "off [fixed]", 
                "loopback": "on [fixed]", 
                "netns_local": "on [fixed]", 
                "ntuple_filters": "off [fixed]", 
                "receive_hashing": "off [fixed]", 
                "rx_all": "off [fixed]", 
                "rx_checksumming": "on [fixed]", 
                "rx_fcs": "off [fixed]", 
                "rx_gro_hw": "off [fixed]", 
                "rx_udp_tunnel_port_offload": "off [fixed]", 
                "rx_vlan_filter": "off [fixed]", 
                "rx_vlan_offload": "off [fixed]", 
                "rx_vlan_stag_filter": "off [fixed]", 
                "rx_vlan_stag_hw_parse": "off [fixed]", 
                "scatter_gather": "on", 
                "tcp_segmentation_offload": "on", 
                "tx_checksum_fcoe_crc": "off [fixed]", 
                "tx_checksum_ip_generic": "on [fixed]", 
                "tx_checksum_ipv4": "off [fixed]", 
                "tx_checksum_ipv6": "off [fixed]", 
                "tx_checksum_sctp": "on [fixed]", 
                "tx_checksumming": "on", 
                "tx_fcoe_segmentation": "off [fixed]", 
                "tx_gre_csum_segmentation": "off [fixed]", 
                "tx_gre_segmentation": "off [fixed]", 
                "tx_gso_partial": "off [fixed]", 
                "tx_gso_robust": "off [fixed]", 
                "tx_ipip_segmentation": "off [fixed]", 
                "tx_lockless": "on [fixed]", 
                "tx_nocache_copy": "off [fixed]", 
                "tx_scatter_gather": "on [fixed]", 
                "tx_scatter_gather_fraglist": "on [fixed]", 
                "tx_sctp_segmentation": "on", 
                "tx_sit_segmentation": "off [fixed]", 
                "tx_tcp6_segmentation": "on", 
                "tx_tcp_ecn_segmentation": "on", 
                "tx_tcp_mangleid_segmentation": "on", 
                "tx_tcp_segmentation": "on", 
                "tx_udp_tnl_csum_segmentation": "off [fixed]", 
                "tx_udp_tnl_segmentation": "off [fixed]", 
                "tx_vlan_offload": "off [fixed]", 
                "tx_vlan_stag_hw_insert": "off [fixed]", 
                "udp_fragmentation_offload": "on", 
                "vlan_challenged": "on [fixed]"
            }, 
            "hw_timestamp_filters": [], 
            "ipv4": {
                "address": "127.0.0.1", 
                "broadcast": "host", 
                "netmask": "255.0.0.0", 
                "network": "127.0.0.0"
            }, 
            "ipv6": [
                {
                    "address": "::1", 
                    "prefix": "128", 
                    "scope": "host"
                }
            ], 
            "mtu": 65536, 
            "promisc": false, 
            "timestamping": [
                "rx_software", 
                "software"
            ], 
            "type": "loopback"
        }, 
        "ansible_local": {}, 
        "ansible_lsb": {}, 
        "ansible_lvm": {
            "lvs": {
                "root": {
                    "size_g": "17.00", 
                    "vg": "centos"
                }, 
                "swap": {
                    "size_g": "2.00", 
                    "vg": "centos"
                }
            }, 
            "pvs": {
                "/dev/sda2": {
                    "free_g": "0", 
                    "size_g": "19.00", 
                    "vg": "centos"
                }
            }, 
            "vgs": {
                "centos": {
                    "free_g": "0", 
                    "num_lvs": "2", 
                    "num_pvs": "1", 
                    "size_g": "19.00"
                }
            }
        }, 
        "ansible_machine": "x86_64", 
        "ansible_machine_id": "73db3466ffa1426b93819faa13d11baf", 
        "ansible_memfree_mb": 194, 
        "ansible_memory_mb": {
            "nocache": {
                "free": 490, 
                "used": 482
            }, 
            "real": {
                "free": 194, 
                "total": 972, 
                "used": 778
            }, 
            "swap": {
                "cached": 2, 
                "free": 2025, 
                "total": 2047, 
                "used": 22
            }
        }, 
        "ansible_memtotal_mb": 972, 
        "ansible_mounts": [
            {
                "block_available": 198056, 
                "block_size": 4096, 
                "block_total": 259584, 
                "block_used": 61528, 
                "device": "/dev/sda1", 
                "fstype": "xfs", 
                "inode_available": 523943, 
                "inode_total": 524288, 
                "inode_used": 345, 
                "mount": "/boot", 
                "options": "rw,seclabel,relatime,attr2,inode64,noquota", 
                "size_available": 811237376, 
                "size_total": 1063256064, 
                "uuid": "d6cc2b14-a27a-4fe4-82ae-d6291511f439"
            }, 
            {
                "block_available": 3509002, 
                "block_size": 4096, 
                "block_total": 4452864, 
                "block_used": 943862, 
                "device": "/dev/mapper/centos-root", 
                "fstype": "xfs", 
                "inode_available": 8803267, 
                "inode_total": 8910848, 
                "inode_used": 107581, 
                "mount": "/", 
                "options": "rw,seclabel,relatime,attr2,inode64,noquota", 
                "size_available": 14372872192, 
                "size_total": 18238930944, 
                "uuid": "d0136689-e0fb-449d-89e4-a2d3e7c20379"
            }
        ], 
        "ansible_nodename": "db1", 
        "ansible_os_family": "RedHat", 
        "ansible_pkg_mgr": "yum", 
        "ansible_proc_cmdline": {
            "BOOT_IMAGE": "/vmlinuz-3.10.0-1127.8.2.el7.x86_64", 
            "LANG": "en_US.UTF-8", 
            "crashkernel": "auto", 
            "quiet": true, 
            "rd.lvm.lv": [
                "centos/root", 
                "centos/swap"
            ], 
            "rhgb": true, 
            "ro": true, 
            "root": "/dev/mapper/centos-root", 
            "spectre_v2": "retpoline"
        }, 
        "ansible_processor": [
            "0", 
            "GenuineIntel", 
            "Intel(R) Core(TM) i5-6267U CPU @ 2.90GHz", 
            "1", 
            "GenuineIntel", 
            "Intel(R) Core(TM) i5-6267U CPU @ 2.90GHz"
        ], 
        "ansible_processor_cores": 1, 
        "ansible_processor_count": 2, 
        "ansible_processor_threads_per_core": 1, 
        "ansible_processor_vcpus": 2, 
        "ansible_product_name": "VMware Virtual Platform", 
        "ansible_product_serial": "VMware-56 4d ad e0 b6 3f 8f a6-a8 08 6d b1 9e fd 6c a7", 
        "ansible_product_uuid": "E0AD4D56-3FB6-A68F-A808-6DB19EFD6CA7", 
        "ansible_product_version": "None", 
        "ansible_python": {
            "executable": "/usr/bin/python", 
            "has_sslcontext": true, 
            "type": "CPython", 
            "version": {
                "major": 2, 
                "micro": 5, 
                "minor": 7, 
                "releaselevel": "final", 
                "serial": 0
            }, 
            "version_info": [
                2, 
                7, 
                5, 
                "final", 
                0
            ]
        }, 
        "ansible_python_version": "2.7.5", 
        "ansible_real_group_id": 0, 
        "ansible_real_user_id": 0, 
        "ansible_selinux": {
            "config_mode": "permissive", 
            "mode": "permissive", 
            "policyvers": 31, 
            "status": "enabled", 
            "type": "targeted"
        }, 
        "ansible_selinux_python_present": true, 
        "ansible_service_mgr": "systemd", 
        "ansible_ssh_host_key_ecdsa_public": "AAAAE2VjZHNhLXNoYTItbmlzdHAyNTYAAAAIbmlzdHAyNTYAAABBBA1VtWNFyV67kCgUD06U9TvxTLuSJNsujxcWN+MzH9djkho75dGQMJglvEqAX0+4KMUP438vASa7asJPh0KDIYo=", 
        "ansible_ssh_host_key_ed25519_public": "AAAAC3NzaC1lZDI1NTE5AAAAIPieUpHo9jtNYZMIgoGqbUiORJ605nQzEBHiazKGbskp", 
        "ansible_ssh_host_key_rsa_public": "AAAAB3NzaC1yc2EAAAADAQABAAABAQDHKtfm0VLt0/Z52R+WuAPpNo75E+tVOG0WxZekfg2joErkQxAFyUoJdxH4H/DguJ6XRpHLv9gvbCZIvfhEAGhtRZI5FROJYfAxtvKn6iZw/ClIfoWNTg6yNebdKI8/JzQfPsqIRysSHW0/n98owHc6dmRSJxoQSq201o1+6saLVJocWy1vTv4+V8nGQwD+EiKufDkMC0pT9x3Rq/NdAdtueO3uu1vsME/YyO2yplvOm7jTs4ZvJepEe6LzjyzKVVdzgQ2oV9pSiodARZACdvCnaOdELSGMuDt6GBRbDcA9sPgnGO53KASd4D4sa55gfUe18t15Ydtwt3ptQsUpyHnR", 
        "ansible_swapfree_mb": 2025, 
        "ansible_swaptotal_mb": 2047, 
        "ansible_system": "Linux", 
        "ansible_system_capabilities": [
            "cap_chown", 
            "cap_dac_override", 
            "cap_dac_read_search", 
            "cap_fowner", 
            "cap_fsetid", 
            "cap_kill", 
            "cap_setgid", 
            "cap_setuid", 
            "cap_setpcap", 
            "cap_linux_immutable", 
            "cap_net_bind_service", 
            "cap_net_broadcast", 
            "cap_net_admin", 
            "cap_net_raw", 
            "cap_ipc_lock", 
            "cap_ipc_owner", 
            "cap_sys_module", 
            "cap_sys_rawio", 
            "cap_sys_chroot", 
            "cap_sys_ptrace", 
            "cap_sys_pacct", 
            "cap_sys_admin", 
            "cap_sys_boot", 
            "cap_sys_nice", 
            "cap_sys_resource", 
            "cap_sys_time", 
            "cap_sys_tty_config", 
            "cap_mknod", 
            "cap_lease", 
            "cap_audit_write", 
            "cap_audit_control", 
            "cap_setfcap", 
            "cap_mac_override", 
            "cap_mac_admin", 
            "cap_syslog", 
            "35", 
            "36+ep"
        ], 
        "ansible_system_capabilities_enforced": "True", 
        "ansible_system_vendor": "VMware, Inc.", 
        "ansible_uptime_seconds": 64530, 
        "ansible_user_dir": "/root", 
        "ansible_user_gecos": "root", 
        "ansible_user_gid": 0, 
        "ansible_user_id": "root", 
        "ansible_user_shell": "/bin/bash", 
        "ansible_user_uid": 0, 
        "ansible_userspace_architecture": "x86_64", 
        "ansible_userspace_bits": "64", 
        "ansible_virtualization_role": "guest", 
        "ansible_virtualization_type": "VMware", 
        "discovered_interpreter_python": "/usr/bin/python", 
        "gather_subset": [
            "all"
        ], 
        "module_setup": true
    }, 
    "changed": false
}
